SF:lib/src/models/post.dart
DA:7,2
DA:14,4
DA:15,4
DA:16,2
DA:17,0
DA:18,4
DA:19,2
DA:20,0
DA:21,2
DA:22,2
DA:25,2
DA:26,3
DA:27,2
DA:28,2
DA:29,2
DA:32,0
DA:34,0
LF:17
LH:13
end_of_record
SF:lib/main.dart
DA:4,0
DA:5,0
DA:9,4
DA:11,1
DA:13,1
DA:15,1
DA:16,1
DA:25,3
DA:27,1
DA:28,1
DA:37,1
DA:39,1
DA:40,2
DA:41,3
DA:42,1
DA:45,1
DA:46,2
DA:47,1
DA:50,2
DA:51,0
DA:52,0
DA:53,0
DA:56,1
DA:57,1
DA:58,1
DA:59,4
DA:61,2
DA:62,1
DA:67,0
DA:68,0
DA:69,0
DA:70,0
DA:71,0
DA:73,0
DA:74,0
DA:75,0
DA:77,0
DA:79,0
DA:81,0
DA:82,0
DA:86,0
DA:90,0
DA:93,0
DA:94,0
DA:96,0
DA:99,0
DA:100,0
DA:105,0
DA:106,0
DA:107,0
DA:110,0
DA:111,0
DA:112,0
DA:113,0
DA:122,0
DA:123,0
DA:124,0
DA:126,0
DA:127,0
DA:130,0
DA:132,0
DA:133,0
DA:134,0
DA:136,0
DA:137,0
DA:138,0
DA:141,0
DA:142,0
DA:143,0
DA:144,0
DA:147,0
DA:148,0
DA:149,0
DA:150,0
DA:152,0
DA:154,0
DA:155,0
DA:157,0
DA:158,0
DA:159,0
DA:164,0
DA:165,0
DA:166,0
DA:167,0
DA:168,0
DA:170,0
DA:171,0
DA:172,0
DA:174,0
DA:176,0
DA:178,0
DA:179,0
DA:182,0
DA:183,0
DA:185,0
DA:188,0
DA:189,0
DA:194,0
DA:195,0
DA:196,0
DA:199,0
DA:200,0
DA:201,0
DA:202,0
DA:211,0
DA:212,0
DA:213,0
DA:214,0
DA:215,0
DA:216,0
DA:219,0
DA:220,0
DA:223,0
DA:224,0
DA:225,0
DA:226,0
DA:230,0
DA:232,0
DA:233,0
DA:234,0
DA:235,0
DA:236,0
DA:241,0
DA:242,0
DA:244,0
DA:245,0
DA:249,0
DA:250,0
DA:251,0
DA:254,0
DA:257,0
DA:259,0
DA:260,0
DA:262,0
DA:263,0
DA:264,0
DA:268,1
DA:270,2
DA:271,1
DA:274,1
DA:276,1
DA:277,1
DA:278,1
DA:279,1
DA:280,1
DA:282,0
DA:284,0
DA:285,0
DA:286,0
DA:287,0
DA:288,0
DA:289,0
DA:290,0
DA:291,0
DA:295,0
DA:296,0
DA:297,0
DA:298,0
DA:300,0
DA:312,1
DA:313,1
LF:161
LH:34
end_of_record
SF:lib/src/client/rest_client.dart
DA:12,2
DA:13,1
DA:14,2
DA:16,2
DA:18,4
DA:20,0
DA:21,0
DA:22,0
DA:27,2
DA:28,2
DA:29,4
DA:31,2
DA:33,4
DA:34,2
DA:36,3
DA:37,1
DA:38,0
DA:41,3
DA:44,1
DA:45,2
DA:46,2
DA:48,1
DA:50,2
DA:51,3
DA:53,0
DA:56,0
DA:57,0
DA:58,0
DA:60,0
DA:61,0
DA:63,0
DA:64,0
DA:66,0
DA:69,0
DA:70,0
DA:71,0
DA:73,0
DA:74,0
DA:76,0
DA:77,0
DA:79,0
DA:80,0
DA:82,0
DA:85,0
DA:86,0
DA:87,0
DA:88,0
DA:89,0
DA:92,3
DA:100,1
DA:102,1
DA:103,4
DA:107,0
DA:111,0
DA:115,0
DA:119,2
DA:122,1
DA:123,2
DA:124,0
DA:125,0
DA:126,0
LF:61
LH:27
end_of_record
SF:lib/src/services/post_service.dart
DA:7,1
DA:9,3
DA:10,0
DA:11,0
DA:12,0
DA:13,0
LF:6
LH:2
end_of_record
